3 92 269 292
3 24 170 252
3 203 197 186
3 85 121 94
3 224 177 154
3 108 14 1
3 221 83 248
3 60 40 229
3 65 16 124
3 8 140 152
3 286 86 71
3 41 283 20
3 18 68 176
3 54 166 77
3 75 101 199
3 261 28 194
3 133 298 43
2 216 139
3 148 23 141
3 96 277 132
3 127 253 115
3 144 50 49
3 260 10 106
3 226 174 278
3 72 22 78
3 225 202 231
2 33 205
3 299 3 288
3 36 98 9
3 198 244 173
3 136 27 215
3 156 239 55
3 129 53 149
3 246 163 142
3 87 70 291
3 80 93 35
3 276 89 228
3 95 236 280
3 15 158 206
3 125 146 257
3 7 109 155
3 62 61 192
3 294 26 256
3 150 222 178
3 74 111 233
3 56 185 240
3 99 42 266
3 38 204 151
3 168 201 45
3 212 235 265
3 167 232 211
3 227 243 30
3 137 11 100
3 234 81 255
3 249 48 59
3 210 268 37
3 44 29 270
3 110 190 250
3 4 90 196
3 161 191 182
3 107 157 272
3 39 188 274
3 213 237 264
3 34 131 242
3 113 282 247
2 180 181
3 21 32 52
3 267 230 289
3 105 82 279
3 193 195 97
3 220 209 297
3 218 254 17
3 162 114 104
3 290 207 69
3 273 64 251
3 13 160 145
3 19 217 123
3 200 241 208
3 263 128 189
3 91 281 169
3 187 73 67
3 116 5 153
3 134 119 223
3 164 76 238
2 0 112
3 58 258 126
3 259 295 262
3 171 271 135
3 57 102 46
3 275 138 66
3 179 25 12
3 63 172 293
3 88 6 31
3 285 122 120
3 79 214 84
3 184 287 219
3 103 147 47
3 245 284 143
3 159 117 51
2 296 118

