6 5314 1030 990 747 5203 484
6 814 595 7266 9338 4573 6540
6 8404 7669 1028 8941 3714 7576
6 631 3834 2532 2035 3386 7379
6 3503 1158 7522 9099 9324 7569
6 370 2042 3479 1482 6071 5670
6 3692 6379 1229 3224 6333 4181
6 9780 1629 2421 1081 9345 9926
6 6579 4229 7765 1681 2308 9194
6 9835 9704 7066 1411 6995 5426
6 630 1601 5186 1125 1035 5524
6 3243 9724 727 7899 2215 2477
6 9040 4398 7784 7513 5986 6398
6 8521 7383 8669 2757 1342 4818
6 1460 2405 9017 826 894 4993
7 1546 4672 3871 1537 7795 3726 7082
7 9954 1634 760 4026 6607 9743 38
6 1137 6158 2865 8884 1608 4098
6 574 3067 4906 4943 9719 5193
6 7766 1635 1006 1076 3366 8096
6 940 9059 6390 9887 960 6689
6 9199 8429 3794 2933 9004 4442
6 6373 3261 5429 9758 6563 5733
6 6686 7446 563 5126 7378 1860
6 6896 2039 7360 7121 8214 2845
6 640 5155 128 4200 6016 9064
6 7278 2296 6119 7507 5773 6629
6 2492 5399 2923 2535 7749 8559
6 7747 3083 9867 5445 4921 8233
6 2048 4529 390 4928 5789 6181
6 8363 7554 5821 3003 3435 1066
6 7030 9193 967 1214 2847 1876
6 4400 4376 4017 4588 4551 4805
6 3701 1625 527 5835 9051 880
6 6796 2336 6009 537 8830 8617
6 8011 6814 3857 6012 1157 798
6 6436 3121 1836 4514 3164 6590
6 5439 6826 1583 7046 7778 4034
6 7479 2476 3141 196 8665 5333
6 1147 3452 7462 6775 227 793
6 5472 2550 1091 1960 9690 6751
6 3869 9987 5616 6033 5044 6003
6 975 5376 3028 9577 3884 7873
6 9686 7481 9107 3434 4176 6545
6 779 3815 9818 9299 6643 234
6 9213 4372 5833 50 508 5685
7 5065 4821 6755 2106 5230 8375 4645
7 1010 7254 6385 2652 2892 3727 7238
6 9274 3440 4622 9803 5745 1810
6 1345 7694 3311 360 6551 1934
6 923 4479 7505 3139 2088 2904
6 7499 8388 1541 1823 625 147
6 240 1077 9071 9155 4548 545
6 1523 7846 3849 6813 6320 8687
6 5497 7692 8674 1971 2870 5607
6 2578 7411 2638 9173 4456 5447
6 8053 8671 435 3203 1705 5272
6 7389 8254 1281 5580 3897 4213
6 3545 852 1759 4015 8409 3838
6 85 8298 1631 8077 5451 7909
6 1886 8599 6923 4360 5737 1861
6 7258 87 8922 7597 6066 4217
6 2636 9967 2717 8366 8043 8106
6 710 6300 4872 4934 180 7677
6 5003 5598 4575 3117 1003 258
6 4476 49 9964 8251 5337 2284
6 1360 2516 7024 7543 8542 2996
6 7706 470 3226 7135 4381 2178
6 1249 8507 7146 9543 2213 9625
6 155 8021 8079 1916 3556 3273
6 7973 5192 5615 8176 9472 5636
6 7329 5781 863 358 1610 9175
6 4733 5880 7224 8107 5594 7352
6 6644 9518 5628 9000 7928 4465
6 8100 9115 3017 2355 4130 9953
6 336 2447 9189 993 5284 6124
6 1247 699 9681 8936 6806 3159
7 9978 9035 6163 7952 6664 4681 1198
6 9689 3856 3812 96 4924 517
6 5207 6847 8720 9869 9768 8293
6 1954 9386 7203 1312 6784 4812

