3 3321 7453 5776
5 7640 5402 1588 2881 8061
5 5717 7188 6168 9586 8718
5 9003 5615 7248 4588 8619
5 1097 7186 7357 657 3163
3 7468 9836 8047
5 375 6135 6410 4065 1322
5 2432 7810 2838 397 6830
3 6321 1626 6371
5 5982 3249 661 8780 9663
5 7346 1879 3396 3088 9444
5 7110 7891 7082 4802 1009
5 4788 789 5358 384 4998
5 5868 3049 2690 2075 1736
5 8703 2026 9274 2486 2142
5 9888 8739 3773 2343 3028
5 8395 8213 1674 6247 4898
5 157 6900 9627 921 558
3 2015 2412 5570
5 5424 6654 4935 6463 4573
5 3281 8787 8978 6753 4942
5 6228 9920 1959 8326 5072
5 476 3936 3947 4709 8661
4 5324 1206 871 766
5 1399 8192 1023 8188 2269
5 1888 1883 7927 4939 1015
4 1192 2436 3338 4181
5 4059 3005 8370 8991 631
5 2247 739 8968 2470 6514
5 4214 5721 3849 5478 5646
5 6695 1384 9267 39 7094
5 3253 9406 4546 3751 4810
5 1353 6879 233 9824 1562
3 7070 1381 879
5 5406 3826 7846 1695 4385
4 2573 5954 4673 7522
5 222 3333 5060 8239 5908
5 8179 4387 3176 8809 6
5 6002 4693 1529 8719 8881
4 7929 3430 3135 6018
5 6965 1794 8224 2893 8251
5 2571 8630 9691 7516 3312
4 6377 8699 2261 9360
5 5192 1609 9412 4029 905
5 2883 1002 481 7383 6129
3 2384 6677 1190
5 2774 610 4112 2406 6564
3 5649 1067 320
4 4058 9503 7633 1022
5 268 6656 8203 7882 8934
5 3743 4882 6669 4523 6382
3 6031 9186 6259
3 4679 4006 9919
5 8509 1773 2230 4249 4412
4 2465 8449 9138 641
3 1178 6686 1699
3 1135 5919 89
5 1833 6529 4575 4138 8284
5 1664 394 6206 2056 6102
3 6403 3341 654
5 8711 2313 5948 7501 3890
3 203 5495 4483
5 4839 6849 7792 1430 8000
5 3607 9852 9556 6133 3742
3 9459 5226 6678
5 8477 8073 2957 5968 9153
5 6424 4411 2782 8596 9258
3 9449 6517 3903
3 9256 8253 3178
5 5598 2828 9191 7342 3091
5 445 9698 4223 1016 5742
5 6277 1227 9128 5711 9055
5 6901 9733 6199 6526 6499
5 9140 9935 9377 7609 2007
3 6252 8784 1666
5 9283 8489 3160 5394 3733
5 2912 3546 5307 4470 9049
5 9976 5227 4170 8995 3705
3 1105 1555 1594
5 7119 7287 277 978 6169
4 6822 1421 819 7015
5 8310 8020 530 7334 3061
3 7325 7613 964
5 4011 6735 8277 8272 6207
5 1993 3564 4910 5635 446
5 6649 3758 6159 5679 1071
5 5332 9166 8209 2330 5895
5 6706 3527 6786 3512 6692
4 6381 315 6647 5979
5 8962 9411 1100 3829 6801
5 1515 7889 5856 9418 3216
5 5235 8306 6741 8868 3252
5 2008 3410 5369 1660 8422
5 5885 2531 5875 5001 4144
4 1560 6200 7579 1344
4 768 1697 6634 5578
5 3817 5858 2401 7075 1486
5 5222 5727 3572 5260 2214
5 9619 1228 608 8099 2669
5 541 2296 9401 1480 723
5 7463 1208 2006 415 9451
5 29 4536 3329 5059 6322
5 3149 9349 1376 538 262
5 8420 726 5890 3824 1119
5 9523 7444 9282 5221 6520
5 2720 696 3779 4559 251
5 2135 3138 1635 8373 2806
5 4379 5743 4194 1140 14
4 5934 5441 5920 820
4 1040 8447 2706 5254
4 1209 457 7971 5886
4 2519 3029 7253 9520
5 2869 9291 1995 5064 3330
5 961 1447 6547 1785 5147
4 4435 8892 7457 3870
5 6198 8557 209 454 218
5 3539 6884 2106 8571 8721
5 622 7210 6765 8028 8885
5 7229 3239 513 8410 0
5 6263 1605 5710 3230 205
5 3167 3540 7319 5557 6855
5 7475 8736 9974 4629 798
5 4495 9463 8435 1252 4325
4 4644 3334 6946 6960
5 9325 4873 892 4884 9372
5 4467 8189 4507 6319 3337
5 6783 7020 8426 3731 4361
5 3555 3614 627 6222 5794
5 3693 1170 3865 8605 9784
5 6412 3381 493 5481 1821
5 3692 8071 4706 1282 6362
5 5693 9251 4437 5847 5997
5 9799 8458 8573 4838 8893
5 585 4027 5540 8111 962
5 9864 6150 1869 4872 7458
5 7399 699 4455 908 2549
3 8184 2346 3519
4 6689 8564 1339 9519
5 4586 9954 4863 3940 7844
3 8967 492 7125
5 7799 8158 1852 7632 8672
5 3442 3245 5572 8824 1705
5 7956 2079 1984 7972 427
5 4143 5971 6536 2115 2265
5 583 5902 5487 4532 1554
3 7716 4415 1018
5 713 5237 1251 2119 8606
5 2917 1414 3510 5553 2812
5 8406 8290 2422 3278 7056
5 8708 3579 8021 7014 129
3 3696 6515 4625
4 5983 7585 843 2709
5 1874 9985 6457 5317 3134
5 1543 9996 8328 3225 54
4 4309 1734 8160 3161
5 4894 4056 8832 7239 6462
5 1194 567 8786 9019 4043
5 4346 8024 6658 935 8200
5 306 8932 5744 6729 6600
5 6916 3575 6123 5426 1847
3 9913 5071 4730
5 1803 817 3976 3173 7771
3 7270 6279 9914
5 873 9670 1524 7749 229
5 4687 4796 2899 8667 539
4 4758 5371 3114 923
5 4071 3667 328 2430 3737
5 568 5808 7104 4493 4419
5 734 9207 6155 1143 3187
5 9084 3596 8274 2693 2155
5 672 7687 5990 6904 3288
5 6961 8698 5189 1037 8946
3 3654 2374 4949
5 4842 9090 6304 6480 9840
5 4150 7435 1142 5674 9301
3 719 310 9966
4 666 4084 272 3207
5 7005 8675 2198 5914 2237
5 7877 8559 4661 643 8762
5 957 7849 212 6548 288
5 8518 1815 3170 3566 6060
3 7109 7581 2092
3 311 4646 3749
3 8578 4941 8622
5 5335 2166 1970 4329 7741
5 48 1024 8376 1428 3388
5 6633 1784 842 3709 5758
5 4618 5218 8774 6825 440
3 8773 4107 7655
5 9514 7114 5049 9515 5281
5 9707 2942 9044 9751 9788
5 24 6780 5113 8727 155
5 9675 2424 7224 2338 2177
5 5343 9483 4414 174 9764
5 7040 3193 9744 1459 3703
3 9121 9068 1284
3 8670 9949 1545
5 4008 8783 9087 285 2134
3 7227 8536 5067
5 8640 2233 2928 378 5802
4 6912 5295 2315 7528
5 4887 7709 9763 8353 7218
5 8731 1880 1177 249 2768
4 187 5393 461 5573
5 3156 1323 4200 6762 594
4 2735 5500 156 9803
5 2576 7064 5887 7990 8702
5 6670 1651 1689 559 7476
5 3988 6269 2649 881 4340
5 3008 1406 8104 7113 8565
5 2009 6044 332 4420 4380
5 2061 2536 3557 9897 4220
5 519 7864 5112 9436 6581
5 9581 9252 1489 5662 5763
5 2020 6544 1146 7316 9880
5 1315 2053 9495 7506 2021
5 6831 864 400 7448 2491
5 6913 7028 2791 252 1586
5 606 2327 6951 3086 7195
5 5381 6794 2511 2445 7892
3 5137 6591 4212
5 2559 4717 3739 4469 3741
5 55 1113 7546 7078 8048
4 5970 6004 7760 4818
5 9679 6767 3459 1922 2481
5 474 902 8254 3215 8994
5 7911 2738 2975 8167 946
3 2736 2528 1525
3 3647 1246 1816
5 3549 219 5818 8244 2018
4 2297 6208 6699 8330
5 5091 658 6875 8815 5164
3 563 2939 1213
5 303 7318 3188 379 4572
3 1563 4471 6602
5 7965 7293 8979 6301 6365
4 4948 7768 9613 6834
5 769 2589 9544 3694 6935
3 8965 7206 7050
5 9847 1372 5006 380 9910
5 1973 4877 9255 210 4127
5 5300 4583 211 6583 9588
5 7401 4208 1090 4074 613
5 7561 1637 3989 7061 1341
5 8728 9626 1630 5780 5580
5 372 5881 7704 3986 995
4 7957 3384 5619 9530
3 5991 7909 6145
5 3855 2603 7428 7362 3515
4 7657 1625 1215 6143
3 4829 4528 4751
5 1335 3197 5359 1721 7815
5 5716 9925 8425 2981 8080
3 2581 767 5985
5 1778 7198 2641 376 3265
3 7862 1000 6108
4 4078 9851 4163 1998
5 6807 8055 3891 9289 2582
5 7141 3294 3910 8553 7285
5 6694 7612 9246 8793 7146
5 5341 1838 8548 5917 3508
5 3629 1438 945 7557 7376
3 8758 7122 7850
4 6663 8586 9364 240
5 5086 3236 9287 1831 5658
4 9313 2426 4819 3827
5 5299 7180 1593 3905 3272
5 5445 3651 2520 4854 6914
5 7088 3168 2963 6220 605
5 3025 2278 3024 967 3689
4 1273 7284 9657 4793
4 3055 5034 3191 835
5 1005 4781 6245 6744 4148
5 6115 6502 4070 5054 7904
3 6039 2866 8526
5 117 2538 9666 8245 4823
5 3103 6361 6190 6610 8525
5 4090 1817 9579 8730 4735
5 4066 3760 9385 8038 4054
5 4307 2324 9473 408 9540
5 7928 6139 5698 5017 1546
5 837 7779 2455 9735 4337
3 3708 2887 4925
5 8102 8459 1564 4317 8006
5 9752 4098 9845 4584 3145
5 4742 7398 3354 9100 3650
5 1978 3918 9137 6076 2298
3 8227 8072 2448
4 1867 2742 318 3638
4 3147 4255 2605 4557
5 9393 6952 1363 6645 7536
4 2718 2512 5238 9740
4 9563 6877 6172 1114
5 1269 7140 3603 7147 4087
5 3444 7129 6164 7025 6792
5 9216 2507 2074 7678 5664
5 6160 19 271 9238 2777
3 3358 2758 257
5 3371 7512 9636 3117 6363
5 2944 3697 9965 8788 3630
5 489 6740 4537 8546 2698
5 6456 3640 9306 1433 5151
5 1757 2123 3951 5593 134
5 4094 8792 9869 7267 9600
5 88 9452 200 2541 9862
5 8840 3257 7684 7662 8679
4 3580 1319 3469 4417
3 7948 1844 5625
5 741 8271 9469 5969 2411
5 297 9820 9030 553 7280
3 9550 9249 8016
5 8175 3291 2711 9158 9986
4 1776 6924 8506 7621
5 2356 477 2751 9624 7600
3 7936 4301 329
5 5860 9052 2523 1908 264
5 1305 5903 9011 7176 8599
5 2591 9649 4184 7387 3864
4 9927 2915 7934 9359
4 6466 6239 7924 7482
5 4494 7230 9768 5444 8745
5 6724 8086 2288 3669 3828
5 7108 6189 2788 8998 1286
4 4525 4836 7068 2620
3 2418 2857 4604
5 4855 113 3368 4274 3887
5 5245 8848 4959 3205 4135
5 2986 7455 1030 6340 2308
5 6541 9402 2293 5626 698
3 2176 7809 5136
5 8088 9046 6327 1061 78
5 7804 8262 4885 773 600
5 5440 4984 7196 9723 2499
4 549 6752 5031 4736
5 8950 1492 6756 1676 5950
5 1066 8302 2642 2191 8156
5 1138 2212 3067 9868 2851
5 9305 7553 4164 4450 2379
3 7913 872 3980
5 1735 8029 5654 6197 8929
3 7013 5632 3367
4 3090 2748 4636 4868
5 9409 5027 6558 5610 1789
5 5304 7320 2495 2112 4996
5 1900 7329 4648 5156 8568
5 6815 7464 7314 3066 6072
5 3030 8149 965 4744 7997
5 4637 6662 8323 8173 8886
5 6745 4352 442 5169 486
3 3578 23 9726
5 273 3311 3208 1956 624
3 8878 6527 2670
5 5769 3655 3461 180 5505
3 3202 3560 2840
5 580 190 9685 448 7182
3 9504 2966 4321
5 920 3362 7117 3729 3868
5 8342 1332 4260 7433 9403
5 7499 5387 5510 5437 4753
5 4377 9020 6455 1027 9750
5 2941 6404 6110 507 928
5 364 5562 7451 584 5533
4 7575 6053 8014 2951
5 3869 4475 874 2178 8070
5 8329 8484 6851 1415 5864
5 1866 3990 8715 7143 8433
5 9979 7711 5377 9346 464
5 7355 7347 4196 6238 6226
5 8520 6843 7677 7867 9509
5 9901 1724 3196 8464 6470
4 5018 8303 3721 6090
4 8292 3104 5344 3861
5 7429 9405 2357 9817 2678
5 4601 7379 6068 4924 807
4 5480 5517 4944 8402
4 3608 2717 5608 9693
5 499 6418 6747 2382 6560
5 2920 1013 8207 6293 1216
5 2316 3276 4428 8785 5604
5 677 4520 7373 943 5898
5 2949 5213 7638 2359 8632
5 3457 2429 5746 2171 3256
5 8204 1512 1267 825 2204
5 5161 6485 5466 2000 7432
5 3307 1407 4624 9474 9489
3 8890 4772 3491
5 84 8587 3601 7438 2983
5 61 9187 2335 81 8767
5 7952 3409 9595 164 389
5 5497 7156 3424 5513 6495
5 1992 3148 8902 854 1131
5 7861 4511 6493 3439 5975
5 2660 1855 7116 2122 6124
5 6607 9347 3092 9702 5348
5 3471 554 8563 2099 1367
5 423 2714 4635 938 4320
5 2695 7993 2147 1046 1427
5 368 5491 1159 6907 9648
5 1528 4048 8566 2984 9048
5 700 1860 166 7773 3548

