7 6669 4805 7402 477 221 3055 104
7 7245 7855 6931 1113 7728 3420 8054
6 9392 8730 6474 5298 8755 7495
7 1109 4661 5334 7496 208 301 3397
7 1666 9887 3972 2482 3518 3348 588
7 3236 5325 1060 8003 780 9439 7905
7 8946 3025 656 502 6177 5964 5131
7 5455 3756 910 8592 6516 6296 4731
7 602 9213 9202 5031 1560 1435 5087
7 5046 7642 4797 1751 3139 6210 9434
7 4052 4107 8740 8919 2755 9267 9299
7 4065 601 1330 3560 2343 7719 9102
7 9738 405 5966 9075 7974 6727 2690
7 4960 9054 328 5537 9636 8476 292
7 7735 4260 8073 5134 4677 4882 2449
7 7138 8383 3630 7120 3350 5292 2837
6 9106 1425 7969 4639 3573 4016
6 9601 1062 7244 6580 7706 3303
7 2378 2091 7787 665 6410 8793 7007
6 7678 3775 1410 3764 8876 4537
7 5500 625 5008 7335 9027 5167 6338
6 8232 8128 3919 1659 569 1003
7 4804 9561 8934 9251 4530 51 1902
7 2150 9692 2524 1407 7976 9380 1621
6 5371 3665 2855 1236 7816 1341
7 1587 8579 5934 3519 5387 7163 5221
7 395 4801 4766 598 1644 4076 756
7 9168 862 9366 9732 6677 6145 7963
7 5062 9340 8026 5965 7086 4079 8459
7 2209 3181 1842 1014 2137 2989 9193
7 8595 5147 2874 1186 7625 1306 4845
7 7590 2847 4878 8969 2873 3234 8690
7 7426 7545 7793 6258 73 2771 4812
7 2586 7186 7695 450 9484 4577 2300
6 9053 3991 9042 15 2948 6525
7 1717 1130 6600 1036 6275 3205 6071
6 8103 7487 1822 7232 9562 8252
6 1179 4303 4217 4976 8368 2362
7 9189 6668 6265 6959 3391 5028 7557
6 3968 5233 854 5680 8067 9849
6 9058 4632 3698 7109 4032 76
6 8598 3247 6092 4393 7037 8485
7 4077 1660 7251 2933 8500 8178 5234
7 5354 8546 1712 5740 1740 5802 8332
7 8709 377 8432 1756 8651 1317 1859
7 7320 9696 3765 7529 8745 1908 514
7 2098 7539 7475 8850 6123 8153 5816
7 2452 7047 5245 7421 610 6522 2160
7 3387 1573 1768 6864 9816 9919 7196
7 9351 9764 281 9352 6464 4472 6555
7 4115 6770 9257 487 9302 8458 3639
7 666 9960 314 9492 7442 80 8720
7 2265 3179 8166 2005 2085 5297 115
7 4506 3235 3051 3302 3610 4017 4253
7 6781 2823 4807 6595 5360 1730 921
7 2636 9742 9460 928 1053 8222 4207
6 3922 2864 4279 9462 2562 7945
7 8141 2766 2332 9304 4219 9983 1216
6 8044 476 7449 9454 7061 9026
6 9191 8152 2472 4529 3817 2871
7 9145 7566 9635 34 7607 1849 1743
7 9413 4494 3575 563 9811 718 3184
7 7851 6897 5555 1816 9777 7227 2347
7 3183 1125 68 8566 6815 8728 1432
7 5604 3482 7380 6635 7724 9327 3980
7 6340 2156 7946 6294 6280 9461 428
6 5832 6683 5545 3898 9332 2967
6 1959 7222 6032 949 6708 5827
6 2139 1691 8890 5705 1290 160
7 570 1824 5213 736 4144 2120 623
7 3511 2563 8399 8797 357 4566 2216
7 7080 2517 5041 874 7650 3078 7750
7 9822 3704 49 5898 1760 4130 5363
7 6638 8404 3772 1924 7715 8532 7159
7 7633 1539 8977 8586 5456 5045 6290
7 2772 280 7871 128 7679 3090 4453
7 3123 9727 1067 1909 1257 1802 7437
7 4935 5837 8170 6482 8663 91 4749
7 1808 1846 2330 7648 6746 1749 5880
7 2711 3145 7439 6250 5181 1373 5346
7 13 6227 528 8717 3009 4828 1698
7 5057 7205 1424 5127 2519 9654 9512
7 558 474 9441 6928 7845 3487 123
6 45 7918 5669 1025 8289 1535
7 7584 994 9695 9891 338 7776 1366
7 3815 482 9200 5529 4694 7473 1729
6 1134 4397 3867 1505 5857 7064
7 1572 804 9166 9699 2195 9658 4780
6 701 846 9632 8204 6997 5477
7 8424 8724 2554 4802 9592 7065 9365
7 295 8502 2442 8464 4607 6057 8336
7 3425 4447 2000 7979 4391 8569 6517
7 1965 7256 5984 2777 2775 9229 6691
7 2672 4922 89 8118 8526 2960 4815
7 333 929 7015 810 5461 1098 9409
7 1141 5030 1365 9755 1165 2337 4414
7 5262 1187 3878 2228 4355 4229 9086
6 5876 9992 7698 5244 715 9656
7 9543 3288 8657 6640 8234 3553 7271
7 5465 8669 1364 191 7575 1020 3723
6 187 1925 5516 6284 2011 3004
7 4904 1387 8523 5237 4697 7910 5676
6 6570 553 7253 167 8511 1019
7 9581 688 6214 915 3844 4782 9935
7 1386 2297 5475 6416 931 3430 4706
7 3384 2351 4751 8851 434 9545 4301
7 1764 9814 4166 4214 3671 147 9950
7 681 6980 8952 5815 7865 8000 7560
7 9832 7901 330 3027 6027 6893 3002
7 7653 4574 9336 6890 6304 7268 7656
7 4398 3562 3833 8080 2049 3298 4670
6 9475 5049 9787 1608 9107 4470
7 1574 8961 6319 8624 791 2183 1180
7 8854 9662 4568 4068 919 9467 3284
7 1999 7639 1531 1140 795 6186 2437
7 6056 8453 7569 3149 3126 6954 4365
7 8267 2830 4994 7042 4386 4647 3029
7 9328 5801 698 2012 1175 7190 2017
7 4768 9740 8415 9646 6910 1680 7795
7 2446 8545 4507 5462 6504 1326 3750
6 4974 6796 6363 7151 2891 4013
7 4764 3076 8492 2916 8966 6690 1661
7 3363 7132 7395 1491 9241 9537 5605
7 7828 1817 4122 4091 8615 4732 5306
7 2600 1568 7984 1021 4718 8494 1436
7 6197 1942 3937 7752 9817 2931 5330
7 9888 5535 9117 3383 1049 2313 668
6 1711 3632 5113 5598 7374 5640
7 7822 8644 4754 4503 294 2868 855
7 7576 4980 8366 9930 158 7032 3089
7 4078 3169 9743 5476 8462 7680 189
7 445 1492 4701 4239 2358 8262 2974
7 4523 90 612 6655 9590 2955 4340
6 5370 9284 6046 4200 373 8139
7 6424 8299 3258 7183 6117 204 1034
7 3256 1595 5941 4909 4710 8330 6858
7 6845 957 4259 2512 3268 9964 8341
7 7418 6557 8870 1983 684 9310 2366
6 8078 8468 9459 460 9494 8763
6 526 6347 1700 3036 4444 4075
7 4967 811 7329 4951 6554 3508 781
7 993 8085 3693 8120 2395 1689 6751
7 8057 7613 1339 4808 6278 67 5874
7 3592 1204 7235 336 5436 1215 3395
6 5482 5595 8052 1787 3228 8169
6 7674 1038 3659 4436 7777 6510
7 9282 3860 3361 7458 1794 4243 4541
6 3448 8207 6475 6844 2260 1514
6 1813 8472 8130 3417 173 8996
6 1566 2335 5247 2201 3863 361
6 8786 6425 2469 7621 2920 3032
7 4114 6330 8654 2599 3275 8541 916
6 8858 2795 8400 7026 4350 2893
7 7148 3832 9361 3099 9752 199 5415
7 671 4049 9568 2205 1042 7675 9706
6 2368 9538 1772 1390 7185 3928
7 4071 1191 4944 8431 2614 1081 5692
7 2820 8835 3579 7014 9836 9029 5356
7 4141 3581 3681 4481 8471 930 3963
6 207 2550 1442 9489 690 1102
6 7782 9850 1976 9772 5429 4029
7 7937 8948 8143 9951 6983 6215 8489
7 1641 8372 3119 6155 8949 7349 2309
7 3875 1359 4794 3921 1241 3785 39
6 1826 3929 5675 1809 3670 799
6 2234 5613 7552 2135 7572 2520
7 5679 6488 687 1148 3259 5490 7956
7 7609 7006 5889 1066 4126 5760 5379
7 6950 724 4757 5721 8575 1160 9674
7 1753 1466 5324 2418 1835 2846 3287
7 660 7337 3533 227 7769 3608 6619
6 5959 2202 4957 3412 320 1624
7 6392 6152 8386 7011 4018 5533 5034
7 3660 4830 1196 108 2168 7105 1783
7 4616 9688 6610 4458 9856 266 6568
7 3831 8121 5939 3322 4123 5739 7056
6 389 6597 667 4311 2826 1357
7 8033 4662 1896 6970 6485 5070 604
7 2223 9445 2803 4803 8681 6872 9893
7 3190 5955 6754 7611 7176 6473 9114
6 6428 1035 3044 7867 7336 4572
7 2182 2086 3899 9227 5102 4446 1135
7 102 8896 5149 2813 8766 5327 6387
6 6975 7704 1818 5574 7149 6646
7 6933 1599 2954 5938 9397 2021 4404
7 1472 6021 8971 747 3811 1292 2047
7 8220 4671 2069 4169 8282 1433 6438
7 6423 7175 9747 6623 5883 2096 5089
7 2440 6543 9913 4238 2013 997 7740
7 4760 1938 182 5914 1100 5096 772
7 6130 1512 1805 7922 9899 6277 9792
7 3516 9440 6879 8481 4050 6976 7702
7 8097 5097 5903 4318 8906 3315 7780
7 9714 6956 256 3005 1994 4788 9578
6 4891 23 1614 3851 2679 4663
6 2584 5336 7638 4030 6409 1919
7 3440 9446 4170 5917 5082 1229 1078
7 2849 7511 1704 3501 7890 851 7072
6 3636 2090 1590 6912 8878 6957
6 6430 7216 2693 9378 5304 8065
6 820 5967 9685 3331 8189 6281
7 9049 2191 4989 144 2747 8907 8482
7 3160 2198 2793 1037 2253 43 2729
6 577 6001 5564 8327 5440 8982
6 9151 352 8625 1562 7412 3263
7 9321 5130 6062 8297 9884 7117 2276
7 3016 7781 4773 6402 5349 7393 6388
7 8849 750 2890 7894 5945 9762 9318
7 7995 1752 7574 3903 3410 8463 7403
6 6261 6154 1862 422 3545 1845
7 7914 4474 5532 4650 4082 7745 5689
7 2993 6982 4392 3471 2352 4533 244
6 6812 3505 8733 5696 3335 1050
7 691 9360 3911 6871 3118 7605 9004
6 2995 9826 6756 1178 5998 7490
7 5798 8561 1468 8286 9640 1630 354
7 9141 839 3701 5069 1133 6747 2549
7 5954 3171 5209 61 555 3300 9480
7 152 7179 1734 1670 3283 3320 2581
6 8980 8447 2971 4309 6752 4173
7 2417 2163 9104 40 9790 1821 9813
7 9180 8607 1893 8875 9416 8573 9233
7 2805 2146 6729 7636 5058 2116 5203
7 7759 4349 5528 6168 5448 4083 8729
7 4322 3075 9584 3781 289 3243 7681
7 8544 2648 8927 417 1152 8687 2742
6 1408 6687 5112 7790 1174 8825
7 8551 5645 9037 5997 8937 8680 8302
6 2717 4066 5129 2736 359 92
6 2038 3628 7394 5117 883 1044
7 6613 6257 3656 1746 2141 4785 260
7 4189 8090 9942 2836 6563 7873 8095
6 1579 7720 3951 5867 1898 347
7 5260 5944 9591 5908 2394 5781 7591
6 2922 7343 1520 1604 4307 8809
7 2863 9248 6200 5794 8046 5619 5199
6 3709 766 4535 2526 177 3178
6 9435 8039 8781 4104 7009 9043
6 8450 5583 4896 9937 3850 9311
7 1111 9246 9957 3333 5714 6238 7739
7 5835 773 8543 5136 1441 1971 6106
7 8019 7760 5771 5185 9627 8791 8308
7 5777 596 5608 2858 8872 8328 4118
7 7883 5467 8434 6093 4252 6252 58
7 654 8246 1437 276 2965 1519 1611
7 1769 3265 1040 479 2664 4174 1974
7 9872 9925 8227 7358 1465 8794 1742
6 8172 4236 3339 3318 9121 9389
7 3117 9594 5492 4769 629 1767 8101
7 138 8394 188 8356 5868 466 3994
6 6198 3496 7060 1558 4831 9381
7 3039 5557 534 6463 2768 9898 8124
6 5254 8983 3855 7430 7709 1046
6 5634 7030 2876 4476 174 650
7 9155 5552 8177 1139 2293 2207 5715
7 9858 94 4338 7384 5151 5769 1628
7 934 9031 7031 702 8991 9760 2824
7 4172 6891 1285 3312 3242 5861 4343
7 9371 9589 1807 26 8765 2835 8752
7 9988 436 3460 6935 3702 1639 4899
6 835 8590 2384 9708 8957 8323
7 6229 1831 8565 6664 3186 194 1706
7 7324 7382 9417 8778 9520 3429 2379
6 3873 3551 6992 7436 358 5956
6 3155 9288 350 2930 1460 7001
7 1785 7297 6151 3476 676 9753 8558
7 746 9890 2241 7929 5478 2178 5575
7 3249 7606 2365 6699 8726 7327 7237
7 2854 2607 6720 5153 2140 7316 5061
7 4753 1312 8903 5345 5724 813 1231
7 6190 9718 6461 544 9721 4089 8342
6 5266 286 69 5860 4021 3615
7 5454 3240 5503 3694 3367 4579 4776
6 306 4759 9236 7351 5084 8557
7 8099 5524 4390 9506 9224 5404 9250
7 7662 5673 7494 6778 1422 1724 2222
7 3423 1030 726 2 9874 5530 2484
7 9997 5703 3534 4937 5855 6582 8243
6 327 1377 5206 3177 5064 9729
7 5919 7794 9868 3640 7116 6359 1126
7 6603 8183 4765 7864 2003 4401 2796
7 3153 1143 4057 4327 8250 8859 8140
7 42 7229 551 2459 8699 8191 6310
7 6808 4581 7397 3260 4926 9184 8976
7 493 8653 2785 3385 9286 550 2632
7 1788 1833 6497 4870 7020 1643 3576
6 6507 275 3643 6211 7928 6492
7 6885 3827 548 3618 4175 5121 9331
7 5588 2996 1348 9470 2239 8150 9715
7 7136 9194 457 2169 6718 2382 8380
6 3216 7708 3598 5896 584 758
6 3353 3492 9219 1575 3158 4208
6 156 8406 1051 8277 745 5198
6 3877 8315 9940 8549 9808 9550
7 3491 9136 8710 5511 1278 4774 4434
7 2851 3902 552 6888 7485 1668 639
6 3766 9243 6493 4917 7927 3864
6 4182 5241 7219 653 8834 9214
7 9111 6791 8205 5472 6925 8968 9823
7 4473 5388 8134 7694 9625 1525 3600
7 4119 5383 6765 271 291 9329 9016
7 8725 3209 554 1779 6351 6256 9028
7 7318 8184 4060 4660 3953 3741 3960
7 4852 3452 7115 2715 879 9363 4602
7 9215 9157 8568 9797 4415 7284 7687
7 8995 159 5653 5886 81 5568 8370
7 9014 4469 5973 2604 7147 5496 201
7 1434 3104 6245 8503 6313 7243 1598
6 7277 4246 130 2401 1620 6903
7 1577 626 5756 5197 3064 901 2190
6 4467 27 3746 238 9178 1073
6 2870 2496 6509 8910 7282 1413
7 2603 3782 8027 7309 571 5201 1510
6 2822 9791 3987 4442 6572 853
7 78 4433 7096 5942 9165 9133 5577
7 586 3720 498 3316 6000 6230 4902
6 3883 6578 5377 3347 5759 7888
7 9159 5160 5846 3679 9915 3556 8901
7 3042 2414 7448 2263 659 1609 3115
7 1048 3210 5952 1192 8829 5587 3252
7 8407 4634 9820 7331 7516 5382 7433
6 8346 9498 6819 2992 7330 4305
7 9488 2765 2152 5156 7957 6295 3939
7 7643 8339 523 2557 7279 4223 7363
7 3590 5326 6857 7689 5671 6224 8962
7 5831 816 5195 9522 2101 290 5625
7 3233 1415 1956 1205 5416 2947 7783
6 2758 4796 3201 1961 662 4074
7 7833 4501 8678 6231 7980 987 8973
6 4611 9447 6003 5910 4885 3358
7 6096 2713 7173 4088 170 4064 9108
7 4466 9443 9131 4067 9719 1549 716
7 7427 7313 4543 8017 2147 5350 9325
7 962 2381 3128 7191 8237 4520 3578
7 9211 3198 416 5077 9735 6552 5488
6 3060 2583 8833 5171 1064 5750
7 6042 8364 5865 8513 4636 4564 9597
6 7849 1247 1275 3122 2068 7310
6 3187 6785 5632 8701 9675 2245
7 175 8440 1556 4099 9907 2502 5242
6 2734 3856 3324 7528 6183 8643
6 6599 3611 288 7381 4194 2413
6 5014 1271 5115 8273 8477 9514
7 2635 8698 8125 5881 8418 3513 9536
7 9861 2698 446 7581 9621 420 5458
6 2921 4949 6889 8266 8350 1910
7 719 8504 9756 4996 2677 8877 568
6 6440 3503 1860 1631 4487 5651
7 2652 9038 2649 7982 8584 8369 9972
6 9670 6671 429 5797 3167 5468

